21:39:02.693 [main] INFO  api.test.UserTests {36} - ***********Creating the User************
21:39:05.592 [main] INFO  api.test.UserTests {36} - ***********Created the user************
21:39:05.608 [main] INFO  api.test.UserTests {36} - ***********Reading the User************
21:39:06.930 [main] INFO  api.test.UserTests {36} - ***********Updating the User************
21:39:09.708 [main] INFO  api.test.UserTests {36} - ***********Updated the User************
21:39:09.710 [main] INFO  api.test.UserTests {36} - ***********Deleting the User************
21:39:11.129 [main] INFO  api.test.UserTests {36} - ***********User Deleted************
21:42:19.823 [main] DEBUG api.test.UserTests {36} - ***********Creating the User************
21:42:22.605 [main] INFO  api.test.UserTests {36} - ***********Created the user************
21:42:22.622 [main] DEBUG api.test.UserTests {36} - ***********Reading the User************
21:42:23.952 [main] INFO  api.test.UserTests {36} - ***********Updating the User************
21:42:26.791 [main] DEBUG api.test.UserTests {36} - ***********Updated the User************
21:42:26.795 [main] INFO  api.test.UserTests {36} - ***********Deleting the User************
21:42:28.113 [main] DEBUG api.test.UserTests {36} - ***********User Deleted************
21:43:03.892 [main] DEBUG api.test.UserTests {36} - ***********Creating the User************
21:43:06.531 [main] INFO  api.test.UserTests {36} - ***********Created the user************
21:43:06.541 [main] DEBUG api.test.UserTests {36} - ***********Reading the User************
21:43:07.899 [main] INFO  api.test.UserTests {36} - ***********Updating the User************
21:43:10.574 [main] DEBUG api.test.UserTests {36} - ***********Updated the User************
21:43:10.577 [main] INFO  api.test.UserTests {36} - ***********Deleting the User************
21:43:11.916 [main] DEBUG api.test.UserTests {36} - ***********User Deleted************
22:34:57.573 [main] INFO  api.test.UserTests {36} - ***********Created the user************
22:34:58.906 [main] INFO  api.test.UserTests {36} - ***********Updating the User************
22:35:01.639 [main] INFO  api.test.UserTests {36} - ***********Deleting the User************
00:26:17.139 [main] INFO  api.test.UserTests2Prop {36} - ***********Created the user************
00:26:18.509 [main] INFO  api.test.UserTests2Prop {36} - ***********Updating the User************
00:26:21.300 [main] INFO  api.test.UserTests2Prop {36} - ***********Deleting the User************
00:28:51.749 [main] INFO  api.test.UserTests2Prop {36} - ***********Created the user************
00:28:53.105 [main] INFO  api.test.UserTests2Prop {36} - ***********Updating the User************
00:28:55.823 [main] INFO  api.test.UserTests2Prop {36} - ***********Deleting the User************
01:26:17.284 [main] INFO  api.test.UserTests2Prop {36} - ***********Created the user************
01:26:18.680 [main] INFO  api.test.UserTests2Prop {36} - ***********Updating the User************
01:26:21.476 [main] INFO  api.test.UserTests2Prop {36} - ***********Deleting the User************
02:59:27.087 [main] INFO  api.test.UserTests2Prop {36} - ***********Created the user************
02:59:28.464 [main] INFO  api.test.UserTests2Prop {36} - ***********Updating the User************
02:59:31.146 [main] INFO  api.test.UserTests2Prop {36} - ***********Deleting the User************
02:59:52.357 [main] INFO  api.test.UserTests2Prop {36} - ***********Created the user************
02:59:53.803 [main] INFO  api.test.UserTests2Prop {36} - ***********Updating the User************
02:59:56.442 [main] INFO  api.test.UserTests2Prop {36} - ***********Deleting the User************
03:13:17.608 [main] INFO  api.test.UserTests2Prop {36} - ***********Created the user************
03:13:19.071 [main] INFO  api.test.UserTests2Prop {36} - ***********Updating the User************
03:13:21.792 [main] INFO  api.test.UserTests2Prop {36} - ***********Deleting the User************
03:26:19.341 [main] INFO  api.test.UserTests2Prop {36} - ***********Created the user************
03:26:20.703 [main] INFO  api.test.UserTests2Prop {36} - ***********Updating the User************
03:26:23.391 [main] INFO  api.test.UserTests2Prop {36} - ***********Deleting the User************
04:07:28.789 [main] INFO  api.test.UserTests2Prop {36} - ***********Created the user************
04:07:30.178 [main] INFO  api.test.UserTests2Prop {36} - ***********Updating the User************
04:07:32.858 [main] INFO  api.test.UserTests2Prop {36} - ***********Deleting the User************
04:25:44.517 [main] INFO  api.test.UserTests2Prop {36} - ***********Created the user************
04:25:46.161 [main] INFO  api.test.UserTests2Prop {36} - ***********Updating the User************
04:25:49.428 [main] INFO  api.test.UserTests2Prop {36} - ***********Deleting the User************
04:29:50.375 [main] INFO  api.test.UserTests2Prop {36} - ***********Created the user************
04:29:52.118 [main] INFO  api.test.UserTests2Prop {36} - ***********Updating the User************
04:29:55.291 [main] INFO  api.test.UserTests2Prop {36} - ***********Deleting the User************
